{"/Users/mario.tema/Documents/DEVELOPER/PROJECT/AZURE/azure-serverless/create-entry/index.ts": {"path":"/Users/mario.tema/Documents/DEVELOPER/PROJECT/AZURE/azure-serverless/create-entry/index.ts","statementMap":{"0":{"start":{"line":2,"column":0},"end":{"line":2,"column":42}},"1":{"start":{"line":3,"column":0},"end":{"line":3,"column":34}},"2":{"start":{"line":6,"column":15},"end":{"line":12,"column":null}},"3":{"start":{"line":14,"column":35},"end":{"line":44,"column":2}},"4":{"start":{"line":15,"column":4},"end":{"line":15,"column":62}},"5":{"start":{"line":17,"column":18},"end":{"line":20,"column":null}},"6":{"start":{"line":23,"column":4},"end":{"line":23,"column":null}},"7":{"start":{"line":24,"column":4},"end":{"line":24,"column":null}},"8":{"start":{"line":26,"column":20},"end":{"line":30,"column":6}},"9":{"start":{"line":32,"column":19},"end":{"line":32,"column":44}},"10":{"start":{"line":34,"column":19},"end":{"line":37,"column":31}},"11":{"start":{"line":39,"column":4},"end":{"line":42,"column":6}},"12":{"start":{"line":46,"column":0},"end":{"line":46,"column":27}}},"fnMap":{"0":{"name":"(anonymous_7)","decl":{"start":{"line":14,"column":35},"end":{"line":14,"column":51}},"loc":{"start":{"line":14,"column":85},"end":{"line":44,"column":2}}}},"branchMap":{},"s":{"0":1,"1":1,"2":1,"3":1,"4":2,"5":2,"6":2,"7":2,"8":2,"9":2,"10":2,"11":2,"12":1},"f":{"0":2},"b":{}}
}
